[2026-02-23 17:32:59] Journal created:  Kalle:Adam Andersson:Anna Alm:Ward:Some info  by doctor:  Adam Andersson 
[2026-02-23 17:33:20] Journal read:  Kalle:Adam Andersson:Anna Alm:Ward:Some info  by user:  Adam Andersson 
[2026-02-23 17:33:49] Journal updated:  Kalle:Adam Andersson:Anna Alm:Ward:Some info. And some more.  by user:  Adam Andersson 
[2026-02-24 09:35:31] Journal read:  Kalle:Adam Andersson:Anna Alm:Ward:Some info. And some more.  by user:  Adam Andersson 
[2026-02-24 09:35:53] Journal updated:  Kalle:Adam Andersson:Anna Alm:Ward:Some info. And some more.Information.   by user:  Adam Andersson 
[2026-02-24 09:36:43] Journal created:  Mol:Adam Andersson:Manny:Cardiology:Basic information.  by doctor:  Adam Andersson 
[2026-02-24 09:36:58] Journal created:  Mol:Adam Andersson:Manny:Cardiology:Basic information.  by doctor:  Adam Andersson 
[2026-02-24 09:37:10] Journal created:  Mol:Adam Andersson:Manny:Cardiology:Basic information.  by doctor:  Adam Andersson 
[2026-02-24 09:37:12] Journal created:  Mol:Adam Andersson:Manny:Cardiology:Basic information.  by doctor:  Adam Andersson 
[2026-02-24 09:37:13] Journal created:  Mol:Adam Andersson:Manny:Cardiology:Basic information.  by doctor:  Adam Andersson 
[2026-02-24 09:37:19] Journal created:  Mol:Adam Andersson:Manny:Cardiology:Basic information.  by doctor:  Adam Andersson 
[2026-02-24 09:37:25] Journal created:  Mol:Adam Andersson:Manny:Cardiology:Basic information.  by doctor:  Adam Andersson 
[2026-02-24 09:52:28] Journal created:  Mol:Adam Andersson:Manny:Cardiology:Basic information.:2026-02-24 09:52:28  by doctor:  Adam Andersson 
[2026-02-24 09:52:44] Journal created:  Mol:Adam Andersson:Manny:Cardiology:Basic information.:2026-02-24 09:52:44  by doctor:  Adam Andersson 
[2026-02-24 09:52:48] Journal created:  Mol:Adam Andersson:Manny:Cardiology:Basic information 3.:2026-02-24 09:52:48  by doctor:  Adam Andersson 
[2026-02-24 10:24:37] Journal created:  1771925077563:Mol:Adam Andersson:Manny:Cardiology:Basic information.:2026-02-24 10:24:37  by doctor:  Adam Andersson 
[2026-02-24 10:24:47] Journal read:  1771925077563:Mol:Adam Andersson:Manny:Cardiology:Basic information.:2026-02-24 10  by user:  Adam Andersson 
[2026-02-24 10:26:28] Journal read:  1771925077563:Mol:Adam Andersson:Manny:Cardiology:Basic information.:2026-02-24 10  by user:  Adam Andersson 
[2026-02-24 10:26:36] Journal updated:  1771925077563:Mol:Adam Andersson:Manny:Cardiology:Basic information. Test extra.:2026-02-24 10  by user:  Adam Andersson 
[2026-02-24 10:26:48] Journal read:  1771925077563:Mol:Adam Andersson:Manny:Cardiology:Basic information. Test extra.:2026-02-24 10  by user:  Adam Andersson 
[2026-02-24 11:07:42] Journal read:  1771925077563:Mol:Adam Andersson:Manny:Cardiology:Basic information. Test extra.:2026-02-24 10  by user:  Adam Andersson 
